2025-04-20 20:55:16,915 - INFO - Начало загрузки данных из VK на Яндекс.Диск.
2025-04-20 20:55:16,916 - INFO - Инициализация класса ApiVK завершена.
2025-04-20 20:55:16,916 - INFO - Запрос фотографий пользователя 52112515 из VK (количество: 5).
2025-04-20 20:55:16,916 - INFO - Запрос фотографий для user_id=52112515, количество=5.
2025-04-20 20:55:17,671 - INFO - Фотографии успешно получены.
2025-04-20 20:55:17,671 - INFO - Создано имя файла: 25.jpg
2025-04-20 20:55:17,671 - INFO - Найдено оригинальное фото: type=base, url=https://sun9-19.userapi.com/s/v1/ig2/vKousE9WJhbYrYA0uDHHtwxIbiJ-fqkFYf77bNhz4xAuuQzWqV9tiYZVDsXniuWxJHeVFYPH6JNiw29Oji4opwYw.jpg?quality=95&as=32x48,48x72,72x108,108x162,160x240,240x360,360x541,480x721,540x811,624x937&from=bu
2025-04-20 20:55:17,671 - INFO - Создано имя файла: 43.jpg
2025-04-20 20:55:17,672 - INFO - Выбрана фотография с максимальным размером: type=x, url=https://sun9-61.userapi.com/c5640/u52112515/-6/x_1f844926.jpg
2025-04-20 20:55:17,672 - INFO - Создано имя файла: 47.jpg
2025-04-20 20:55:17,672 - INFO - Выбрана фотография с максимальным размером: type=x, url=https://sun9-41.userapi.com/c5640/u52112515/-6/x_5d28f359.jpg
2025-04-20 20:55:17,672 - INFO - Создано имя файла: 64.jpg
2025-04-20 20:55:17,672 - INFO - Выбрана фотография с максимальным размером: type=y, url=https://sun9-74.userapi.com/c4544/u52112515/-6/y_891d77e9.jpg
2025-04-20 20:55:17,672 - INFO - Создано имя файла: 45.jpg
2025-04-20 20:55:17,672 - INFO - Выбрана фотография с максимальным размером: type=y, url=https://sun9-2.userapi.com/c5175/u52112515/-6/y_4a35be6f.jpg
2025-04-20 20:55:17,672 - INFO - Данные успешно сохранены в файл info.json.
2025-04-20 20:55:17,673 - INFO - Создан JSON-файл с информацией о 5 фотографиях.
2025-04-20 20:55:21,150 - INFO - Файл 25.jpg успешно сохранен локально.
2025-04-20 20:55:23,328 - INFO - Файл 43.jpg успешно сохранен локально.
2025-04-20 20:55:25,780 - INFO - Файл 47.jpg успешно сохранен локально.
2025-04-20 20:55:28,217 - INFO - Файл 64.jpg успешно сохранен локально.
2025-04-20 20:55:29,797 - INFO - Файл 45.jpg успешно сохранен локально.
2025-04-20 20:55:29,798 - INFO - Фотографии успешно сохранены локально.
2025-04-20 20:55:29,798 - INFO - Создание папки для пользователя 52112515 на Яндекс.Диске.
2025-04-20 20:55:31,158 - WARNING - Папка "52112515" уже существует.
2025-04-20 20:55:31,159 - INFO - Начало загрузки 5 фотографий на Яндекс.Диск.
2025-04-20 20:55:32,652 - INFO - Статус для 25.jpg: 200
2025-04-20 20:55:35,879 - INFO - Файл "25.jpg" успешно загружен.
2025-04-20 20:55:37,368 - INFO - Статус для 43.jpg: 200
2025-04-20 20:55:39,146 - INFO - Файл "43.jpg" успешно загружен.
2025-04-20 20:55:40,812 - INFO - Статус для 45.jpg: 200
2025-04-20 20:55:43,755 - INFO - Файл "45.jpg" успешно загружен.
2025-04-20 20:55:45,165 - INFO - Статус для 47.jpg: 200
2025-04-20 20:55:47,494 - INFO - Файл "47.jpg" успешно загружен.
2025-04-20 20:55:48,895 - INFO - Статус для 64.jpg: 200
2025-04-20 20:55:51,526 - INFO - Файл "64.jpg" успешно загружен.
2025-04-20 20:55:51,526 - INFO - Все фотографии успешно загружены на Яндекс.Диск.
2025-04-24 11:26:53,406 - ERROR - Произошла ошибка: name 'upload_url' is not defined
